1> c(liste).
{ok,liste}

1> liste:create().
{}
2> liste:isEmpty({1,{2,{}}}).
false
3> liste:isEmpty({}).
true
4> liste:laenge({}).
0
5> liste:laenge({1,{}}).
1
6> liste:laenge({1,{2,{}}}).
2

2> liste:insert({1,{2,{3,{}}}},1,0).
{0,{1,{2,{3,{}}}}}
3> liste:insert({1,{2,{3,{}}}},2,0).
{1,{0,{2,{3,{}}}}}
4> liste:insert({1,{2,{3,{}}}},3,0).
{1,{2,{0,{3,{}}}}}
5> liste:insert({1,{2,{3,{}}}},4,0).
{1,{2,{3,{0,{}}}}}
6> liste:insert({1,{2,{3,{}}}},5,0).
insert is failed!{1,{2,{3,{}}}}
7> liste:insert({1,{2,{3,{}}}},0,0).
insert is failed!
{1,{2,{3,{}}}}

8> liste:delete({1,{2,{3,{}}}},0).
delete is failed!{1,{2,{3,{}}}}
9> liste:delete({1,{2,{3,{}}}},1).
{2,{3,{}}}
10> liste:delete({1,{2,{3,{}}}},2).
{1,{3,{}}}
11> liste:delete({1,{2,{3,{}}}},3).
{1,{2,{}}}
12> liste:delete({1,{2,{3,{}}}},4).
delete is failed!
{1,{2,{3,{}}}}

13> liste:find({1,{2,{3,{}}}},1).
1
14> liste:find({1,{2,{3,{}}}},2).
2
15> liste:find({1,{2,{3,{}}}},3).
3
16> liste:find({1,{2,{3,{}}}},4).
find is failed!
null

2> liste:retrieve({1,{2,{3,{}}}},1).
1
3> liste:retrieve({1,{2,{3,{}}}},2).
2
4> liste:retrieve({1,{2,{3,{}}}},3).
3
5> liste:retrieve({1,{2,{3,{}}}},4).
retrieve is failed!
null

6> liste:concat({1,{2,{3,{}}}},{4,{5}}).
{1,{2,{3,{4,{5}}}}}
7> liste:concat({1,{2,{3,{}}}},{4,{5,{}}}).
{1,{2,{3,{4,{5,{}}}}}}
8> liste:concat({1,{2,{3,{}}}},{4,{}}).
{1,{2,{3,{4,{}}}}}

2> liste:eoCount({1,{2,{3,{4,{}}}}}).
[3,2]
3> liste:eoCount({1,{2,{3,{}}}}).
[2,2]
4> liste:eoCount({}).
[1,0]

